Analysis & Synthesis report for main_module
Tue Jan 02 00:29:09 2024
Quartus II 64-Bit Version 13.1.0 Build 162 10/23/2013 SJ Web Edition


---------------------
; Table of Contents ;
---------------------
  1. Legal Notice
  2. Analysis & Synthesis Summary
  3. Analysis & Synthesis Settings
  4. Parallel Compilation
  5. Analysis & Synthesis Source Files Read
  6. Analysis & Synthesis Resource Usage Summary
  7. Analysis & Synthesis Resource Utilization by Entity
  8. Registers Removed During Synthesis
  9. General Register Statistics
 10. Inverted Register Statistics
 11. Multiplexer Restructuring Statistics (Restructuring Performed)
 12. Port Connectivity Checks: "switchbank_poll:sw1"
 13. Elapsed Time Per Partition
 14. Analysis & Synthesis Messages



----------------
; Legal Notice ;
----------------
Copyright (C) 1991-2013 Altera Corporation
Your use of Altera Corporation's design tools, logic functions 
and other software and tools, and its AMPP partner logic 
functions, and any output files from any of the foregoing 
(including device programming or simulation files), and any 
associated documentation or information are expressly subject 
to the terms and conditions of the Altera Program License 
Subscription Agreement, Altera MegaCore Function License 
Agreement, or other applicable license agreement, including, 
without limitation, that your use is for the sole purpose of 
programming logic devices manufactured by Altera and sold by 
Altera or its authorized distributors.  Please refer to the 
applicable agreement for further details.



+---------------------------------------------------------------------------------+
; Analysis & Synthesis Summary                                                    ;
+------------------------------------+--------------------------------------------+
; Analysis & Synthesis Status        ; Successful - Tue Jan 02 00:29:09 2024      ;
; Quartus II 64-Bit Version          ; 13.1.0 Build 162 10/23/2013 SJ Web Edition ;
; Revision Name                      ; main_module                                ;
; Top-level Entity Name              ; main_module                                ;
; Family                             ; Cyclone IV E                               ;
; Total logic elements               ; 4,168                                      ;
;     Total combinational functions  ; 2,089                                      ;
;     Dedicated logic registers      ; 2,246                                      ;
; Total registers                    ; 2246                                       ;
; Total pins                         ; 17                                         ;
; Total virtual pins                 ; 0                                          ;
; Total memory bits                  ; 0                                          ;
; Embedded Multiplier 9-bit elements ; 0                                          ;
; Total PLLs                         ; 0                                          ;
+------------------------------------+--------------------------------------------+


+----------------------------------------------------------------------------------------------------------------------+
; Analysis & Synthesis Settings                                                                                        ;
+----------------------------------------------------------------------------+--------------------+--------------------+
; Option                                                                     ; Setting            ; Default Value      ;
+----------------------------------------------------------------------------+--------------------+--------------------+
; Device                                                                     ; EP4CE22F17C6       ;                    ;
; Top-level entity name                                                      ; main_module        ; main_module        ;
; Family name                                                                ; Cyclone IV E       ; Cyclone IV GX      ;
; Use smart compilation                                                      ; Off                ; Off                ;
; Enable parallel Assembler and TimeQuest Timing Analyzer during compilation ; On                 ; On                 ;
; Enable compact report table                                                ; Off                ; Off                ;
; Restructure Multiplexers                                                   ; Auto               ; Auto               ;
; Create Debugging Nodes for IP Cores                                        ; Off                ; Off                ;
; Preserve fewer node names                                                  ; On                 ; On                 ;
; Disable OpenCore Plus hardware evaluation                                  ; Off                ; Off                ;
; Verilog Version                                                            ; Verilog_2001       ; Verilog_2001       ;
; VHDL Version                                                               ; VHDL_1993          ; VHDL_1993          ;
; State Machine Processing                                                   ; Auto               ; Auto               ;
; Safe State Machine                                                         ; Off                ; Off                ;
; Extract Verilog State Machines                                             ; On                 ; On                 ;
; Extract VHDL State Machines                                                ; On                 ; On                 ;
; Ignore Verilog initial constructs                                          ; Off                ; Off                ;
; Iteration limit for constant Verilog loops                                 ; 5000               ; 5000               ;
; Iteration limit for non-constant Verilog loops                             ; 250                ; 250                ;
; Add Pass-Through Logic to Inferred RAMs                                    ; On                 ; On                 ;
; Infer RAMs from Raw Logic                                                  ; On                 ; On                 ;
; Parallel Synthesis                                                         ; On                 ; On                 ;
; DSP Block Balancing                                                        ; Auto               ; Auto               ;
; NOT Gate Push-Back                                                         ; On                 ; On                 ;
; Power-Up Don't Care                                                        ; On                 ; On                 ;
; Remove Redundant Logic Cells                                               ; Off                ; Off                ;
; Remove Duplicate Registers                                                 ; On                 ; On                 ;
; Ignore CARRY Buffers                                                       ; Off                ; Off                ;
; Ignore CASCADE Buffers                                                     ; Off                ; Off                ;
; Ignore GLOBAL Buffers                                                      ; Off                ; Off                ;
; Ignore ROW GLOBAL Buffers                                                  ; Off                ; Off                ;
; Ignore LCELL Buffers                                                       ; Off                ; Off                ;
; Ignore SOFT Buffers                                                        ; On                 ; On                 ;
; Limit AHDL Integers to 32 Bits                                             ; Off                ; Off                ;
; Optimization Technique                                                     ; Balanced           ; Balanced           ;
; Carry Chain Length                                                         ; 70                 ; 70                 ;
; Auto Carry Chains                                                          ; On                 ; On                 ;
; Auto Open-Drain Pins                                                       ; On                 ; On                 ;
; Perform WYSIWYG Primitive Resynthesis                                      ; Off                ; Off                ;
; Auto ROM Replacement                                                       ; On                 ; On                 ;
; Auto RAM Replacement                                                       ; On                 ; On                 ;
; Auto DSP Block Replacement                                                 ; On                 ; On                 ;
; Auto Shift Register Replacement                                            ; Auto               ; Auto               ;
; Allow Shift Register Merging across Hierarchies                            ; Auto               ; Auto               ;
; Auto Clock Enable Replacement                                              ; On                 ; On                 ;
; Strict RAM Replacement                                                     ; Off                ; Off                ;
; Allow Synchronous Control Signals                                          ; On                 ; On                 ;
; Force Use of Synchronous Clear Signals                                     ; Off                ; Off                ;
; Auto RAM Block Balancing                                                   ; On                 ; On                 ;
; Auto RAM to Logic Cell Conversion                                          ; Off                ; Off                ;
; Auto Resource Sharing                                                      ; Off                ; Off                ;
; Allow Any RAM Size For Recognition                                         ; Off                ; Off                ;
; Allow Any ROM Size For Recognition                                         ; Off                ; Off                ;
; Allow Any Shift Register Size For Recognition                              ; Off                ; Off                ;
; Use LogicLock Constraints during Resource Balancing                        ; On                 ; On                 ;
; Ignore translate_off and synthesis_off directives                          ; Off                ; Off                ;
; Timing-Driven Synthesis                                                    ; On                 ; On                 ;
; Report Parameter Settings                                                  ; On                 ; On                 ;
; Report Source Assignments                                                  ; On                 ; On                 ;
; Report Connectivity Checks                                                 ; On                 ; On                 ;
; Ignore Maximum Fan-Out Assignments                                         ; Off                ; Off                ;
; Synchronization Register Chain Length                                      ; 2                  ; 2                  ;
; PowerPlay Power Optimization                                               ; Normal compilation ; Normal compilation ;
; HDL message level                                                          ; Level2             ; Level2             ;
; Suppress Register Optimization Related Messages                            ; Off                ; Off                ;
; Number of Removed Registers Reported in Synthesis Report                   ; 5000               ; 5000               ;
; Number of Swept Nodes Reported in Synthesis Report                         ; 5000               ; 5000               ;
; Number of Inverted Registers Reported in Synthesis Report                  ; 100                ; 100                ;
; Clock MUX Protection                                                       ; On                 ; On                 ;
; Auto Gated Clock Conversion                                                ; Off                ; Off                ;
; Block Design Naming                                                        ; Auto               ; Auto               ;
; SDC constraint protection                                                  ; Off                ; Off                ;
; Synthesis Effort                                                           ; Auto               ; Auto               ;
; Shift Register Replacement - Allow Asynchronous Clear Signal               ; On                 ; On                 ;
; Pre-Mapping Resynthesis Optimization                                       ; Off                ; Off                ;
; Analysis & Synthesis Message Level                                         ; Medium             ; Medium             ;
; Disable Register Merging Across Hierarchies                                ; Auto               ; Auto               ;
; Resource Aware Inference For Block RAM                                     ; On                 ; On                 ;
; Synthesis Seed                                                             ; 1                  ; 1                  ;
+----------------------------------------------------------------------------+--------------------+--------------------+


Parallel compilation was disabled, but you have multiple processors available. Enable parallel compilation to reduce compilation time.
+-------------------------------------+
; Parallel Compilation                ;
+----------------------------+--------+
; Processors                 ; Number ;
+----------------------------+--------+
; Number detected on machine ; 12     ;
; Maximum allowed            ; 1      ;
+----------------------------+--------+


+------------------------------------------------------------------------------------------------------------------------------------------------------------------------+
; Analysis & Synthesis Source Files Read                                                                                                                                 ;
+----------------------------------+-----------------+------------------------------+--------------------------------------------------------------------------+---------+
; File Name with User-Entered Path ; Used in Netlist ; File Type                    ; File Name with Absolute Path                                             ; Library ;
+----------------------------------+-----------------+------------------------------+--------------------------------------------------------------------------+---------+
; main_module.sv                   ; yes             ; User SystemVerilog HDL File  ; E:/github/CSE4117-Microprocessors/Homework - 2/FPGA/main_module.sv       ;         ;
; switchbank_poll.sv               ; yes             ; User SystemVerilog HDL File  ; E:/github/CSE4117-Microprocessors/Homework - 2/FPGA/switchbank_poll.sv   ;         ;
; sevensegment.sv                  ; yes             ; User SystemVerilog HDL File  ; E:/github/CSE4117-Microprocessors/Homework - 2/FPGA/sevensegment.sv      ;         ;
; output_files/bird.sv             ; yes             ; User SystemVerilog HDL File  ; E:/github/CSE4117-Microprocessors/Homework - 2/FPGA/output_files/bird.sv ;         ;
; ram.dat                          ; yes             ; Auto-Found Unspecified File  ; E:/github/CSE4117-Microprocessors/Homework - 2/FPGA/ram.dat              ;         ;
+----------------------------------+-----------------+------------------------------+--------------------------------------------------------------------------+---------+


+---------------------------------------------------------+
; Analysis & Synthesis Resource Usage Summary             ;
+---------------------------------------------+-----------+
; Resource                                    ; Usage     ;
+---------------------------------------------+-----------+
; Estimated Total logic elements              ; 4,168     ;
;                                             ;           ;
; Total combinational functions               ; 2089      ;
; Logic element usage by number of LUT inputs ;           ;
;     -- 4 input functions                    ; 1772      ;
;     -- 3 input functions                    ; 169       ;
;     -- <=2 input functions                  ; 148       ;
;                                             ;           ;
; Logic elements by mode                      ;           ;
;     -- normal mode                          ; 2022      ;
;     -- arithmetic mode                      ; 67        ;
;                                             ;           ;
; Total registers                             ; 2246      ;
;     -- Dedicated logic registers            ; 2246      ;
;     -- I/O registers                        ; 0         ;
;                                             ;           ;
; I/O pins                                    ; 17        ;
; Embedded Multiplier 9-bit elements          ; 0         ;
; Maximum fan-out node                        ; clk~input ;
; Maximum fan-out                             ; 2240      ;
; Total fan-out                               ; 14608     ;
; Average fan-out                             ; 3.34      ;
+---------------------------------------------+-----------+


+------------------------------------------------------------------------------------------------------------------------------------------------------------------------------------------+
; Analysis & Synthesis Resource Utilization by Entity                                                                                                                                      ;
+----------------------------+-------------------+--------------+-------------+--------------+---------+-----------+------+--------------+----------------------------------+--------------+
; Compilation Hierarchy Node ; LC Combinationals ; LC Registers ; Memory Bits ; DSP Elements ; DSP 9x9 ; DSP 18x18 ; Pins ; Virtual Pins ; Full Hierarchy Name              ; Library Name ;
+----------------------------+-------------------+--------------+-------------+--------------+---------+-----------+------+--------------+----------------------------------+--------------+
; |main_module               ; 2089 (1599)       ; 2246 (2064)  ; 0           ; 0            ; 0       ; 0         ; 17   ; 0            ; |main_module                     ; work         ;
;    |bird:br1|              ; 454 (454)         ; 157 (157)    ; 0           ; 0            ; 0       ; 0         ; 0    ; 0            ; |main_module|bird:br1            ; work         ;
;    |sevensegment:ss1|      ; 35 (35)           ; 22 (22)      ; 0           ; 0            ; 0       ; 0         ; 0    ; 0            ; |main_module|sevensegment:ss1    ; work         ;
;    |switchbank_poll:sw1|   ; 1 (1)             ; 3 (3)        ; 0           ; 0            ; 0       ; 0         ; 0    ; 0            ; |main_module|switchbank_poll:sw1 ; work         ;
+----------------------------+-------------------+--------------+-------------+--------------+---------+-----------+------+--------------+----------------------------------+--------------+
Note: For table entries with two numbers listed, the numbers in parentheses indicate the number of resources of the given type used by the specific entity alone. The numbers listed outside of parentheses indicate the total resources of the given type used by the specific entity and all of its sub-entities in the hierarchy.


+---------------------------------------------------------------------------------+
; Registers Removed During Synthesis                                              ;
+----------------------------------------+----------------------------------------+
; Register name                          ; Reason for Removal                     ;
+----------------------------------------+----------------------------------------+
; bird:br1|state[4]                      ; Stuck at GND due to stuck port data_in ;
; switchbank_poll:sw1|status_reg[0]      ; Stuck at GND due to stuck port data_in ;
; sevensegment:ss1|clk1[16..25]          ; Lost fanout                            ;
; Total Number of Removed Registers = 12 ;                                        ;
+----------------------------------------+----------------------------------------+


+------------------------------------------------------+
; General Register Statistics                          ;
+----------------------------------------------+-------+
; Statistic                                    ; Value ;
+----------------------------------------------+-------+
; Total registers                              ; 2246  ;
; Number of registers using Synchronous Clear  ; 0     ;
; Number of registers using Synchronous Load   ; 28    ;
; Number of registers using Asynchronous Clear ; 0     ;
; Number of registers using Asynchronous Load  ; 0     ;
; Number of registers using Clock Enable       ; 2216  ;
; Number of registers using Preset             ; 0     ;
+----------------------------------------------+-------+


+--------------------------------------------------+
; Inverted Register Statistics                     ;
+----------------------------------------+---------+
; Inverted Register                      ; Fan out ;
+----------------------------------------+---------+
; sevensegment:ss1|grounds[0]            ; 2       ;
; Total number of inverted registers = 1 ;         ;
+----------------------------------------+---------+


+----------------------------------------------------------------------------------------------------------------------------------------------------+
; Multiplexer Restructuring Statistics (Restructuring Performed)                                                                                     ;
+--------------------+-----------+---------------+----------------------+------------------------+------------+--------------------------------------+
; Multiplexer Inputs ; Bus Width ; Baseline Area ; Area if Restructured ; Saving if Restructured ; Registered ; Example Multiplexer Output           ;
+--------------------+-----------+---------------+----------------------+------------------------+------------+--------------------------------------+
; 17:1               ; 2 bits    ; 22 LEs        ; 12 LEs               ; 10 LEs                 ; Yes        ; |main_module|bird:br1|state[1]       ;
; 17:1               ; 2 bits    ; 22 LEs        ; 14 LEs               ; 8 LEs                  ; Yes        ; |main_module|bird:br1|state[2]       ;
; 16:1               ; 16 bits   ; 160 LEs       ; 16 LEs               ; 144 LEs                ; Yes        ; |main_module|bird:br1|regbank[6][4]  ;
; 16:1               ; 16 bits   ; 160 LEs       ; 16 LEs               ; 144 LEs                ; Yes        ; |main_module|bird:br1|regbank[5][11] ;
; 16:1               ; 16 bits   ; 160 LEs       ; 16 LEs               ; 144 LEs                ; Yes        ; |main_module|bird:br1|regbank[4][10] ;
; 16:1               ; 16 bits   ; 160 LEs       ; 16 LEs               ; 144 LEs                ; Yes        ; |main_module|bird:br1|regbank[3][8]  ;
; 16:1               ; 16 bits   ; 160 LEs       ; 16 LEs               ; 144 LEs                ; Yes        ; |main_module|bird:br1|regbank[2][9]  ;
; 16:1               ; 16 bits   ; 160 LEs       ; 16 LEs               ; 144 LEs                ; Yes        ; |main_module|bird:br1|regbank[1][7]  ;
; 16:1               ; 16 bits   ; 160 LEs       ; 16 LEs               ; 144 LEs                ; Yes        ; |main_module|bird:br1|regbank[0][15] ;
; 11:1               ; 4 bits    ; 28 LEs        ; 8 LEs                ; 20 LEs                 ; Yes        ; |main_module|bird:br1|regbank[7][13] ;
; 10:1               ; 12 bits   ; 72 LEs        ; 24 LEs               ; 48 LEs                 ; Yes        ; |main_module|bird:br1|pc[9]          ;
; 11:1               ; 12 bits   ; 84 LEs        ; 24 LEs               ; 60 LEs                 ; Yes        ; |main_module|bird:br1|regbank[7][9]  ;
; 4:1                ; 4 bits    ; 8 LEs         ; 8 LEs                ; 0 LEs                  ; No         ; |main_module|sevensegment:ss1|Mux0   ;
; 8:1                ; 16 bits   ; 80 LEs        ; 80 LEs               ; 0 LEs                  ; No         ; |main_module|bird:br1|Mux41          ;
; 8:1                ; 16 bits   ; 80 LEs        ; 80 LEs               ; 0 LEs                  ; No         ; |main_module|bird:br1|Mux17          ;
; 12:1               ; 15 bits   ; 120 LEs       ; 60 LEs               ; 60 LEs                 ; No         ; |main_module|bird:br1|Mux74          ;
; 4:1                ; 12 bits   ; 24 LEs        ; 24 LEs               ; 0 LEs                  ; No         ; |main_module|bird:br1|Add4           ;
; 4:1                ; 4 bits    ; 8 LEs         ; 8 LEs                ; 0 LEs                  ; No         ; |main_module|bird:br1|Add4           ;
; 7:1                ; 12 bits   ; 48 LEs        ; 24 LEs               ; 24 LEs                 ; No         ; |main_module|bird:br1|Selector131    ;
; 3:1                ; 12 bits   ; 24 LEs        ; 12 LEs               ; 12 LEs                 ; No         ; |main_module|bird:br1|Add4           ;
; 3:1                ; 4 bits    ; 8 LEs         ; 4 LEs                ; 4 LEs                  ; No         ; |main_module|bird:br1|Add4           ;
+--------------------+-----------+---------------+----------------------+------------------------+------------+--------------------------------------+


+--------------------------------------------------------------------------------------------------------------------------------------------------------------------------------------------------------+
; Port Connectivity Checks: "switchbank_poll:sw1"                                                                                                                                                        ;
+----------+--------+----------+-------------------------------------------------------------------------------------------------------------------------------------------------------------------------+
; Port     ; Type   ; Severity ; Details                                                                                                                                                                 ;
+----------+--------+----------+-------------------------------------------------------------------------------------------------------------------------------------------------------------------------+
; switches ; Input  ; Warning  ; Input port expression (4 bits) is smaller than the input port (16 bits) it drives.  Extra input bit(s) "switches[15..4]" will be connected to GND.                      ;
; data_out ; Output ; Warning  ; Output or bidir port (1 bits) is smaller than the port expression (16 bits) it drives.  The 15 most-significant bit(s) in the port expression will be connected to GND. ;
+----------+--------+----------+-------------------------------------------------------------------------------------------------------------------------------------------------------------------------+


+-------------------------------+
; Elapsed Time Per Partition    ;
+----------------+--------------+
; Partition Name ; Elapsed Time ;
+----------------+--------------+
; Top            ; 00:00:03     ;
+----------------+--------------+


+-------------------------------+
; Analysis & Synthesis Messages ;
+-------------------------------+
Info: *******************************************************************
Info: Running Quartus II 64-Bit Analysis & Synthesis
    Info: Version 13.1.0 Build 162 10/23/2013 SJ Web Edition
    Info: Processing started: Tue Jan 02 00:29:04 2024
Info: Command: quartus_map --read_settings_files=on --write_settings_files=off main_module -c main_module
Warning (20028): Parallel compilation is not licensed and has been disabled
Info (12021): Found 1 design units, including 1 entities, in source file main_module.sv
    Info (12023): Found entity 1: main_module
Info (12021): Found 1 design units, including 1 entities, in source file switchbank_poll.sv
    Info (12023): Found entity 1: switchbank_poll
Info (12021): Found 1 design units, including 1 entities, in source file sevensegment.sv
    Info (12023): Found entity 1: sevensegment
Info (12021): Found 1 design units, including 1 entities, in source file output_files/bird.sv
    Info (12023): Found entity 1: bird
Info (12127): Elaborating entity "main_module" for the top level hierarchy
Warning (10850): Verilog HDL warning at main_module.sv(104): number of words (15) in memory file does not match the number of elements in the address range [0:127]
Info (10648): Verilog HDL Display System Task info at main_module.sv(106): memory[0] = 1000
Info (10648): Verilog HDL Display System Task info at main_module.sv(106): memory[1] = 0901
Info (10648): Verilog HDL Display System Task info at main_module.sv(106): memory[2] = 1005
Info (10648): Verilog HDL Display System Task info at main_module.sv(106): memory[3] = 3331
Info (10648): Verilog HDL Display System Task info at main_module.sv(106): memory[4] = 2001
Info (10648): Verilog HDL Display System Task info at main_module.sv(106): memory[5] = 746b
Info (10648): Verilog HDL Display System Task info at main_module.sv(106): memory[6] = 4ff9
Info (10648): Verilog HDL Display System Task info at main_module.sv(106): memory[7] = 1000
Info (10648): Verilog HDL Display System Task info at main_module.sv(106): memory[8] = 0902
Info (10648): Verilog HDL Display System Task info at main_module.sv(106): memory[9] = 2000
Info (10648): Verilog HDL Display System Task info at main_module.sv(106): memory[10] = 1002
Info (10648): Verilog HDL Display System Task info at main_module.sv(106): memory[11] = 0b00
Info (10648): Verilog HDL Display System Task info at main_module.sv(106): memory[12] = 702e
Info (10648): Verilog HDL Display System Task info at main_module.sv(106): memory[13] = 3190
Info (10648): Verilog HDL Display System Task info at main_module.sv(106): memory[14] = 5ff1
Info (10648): Verilog HDL Display System Task info at main_module.sv(109): switches[0] = 0
Info (10648): Verilog HDL Display System Task info at main_module.sv(109): switches[1] = 0
Info (10648): Verilog HDL Display System Task info at main_module.sv(109): switches[2] = 0
Info (10648): Verilog HDL Display System Task info at main_module.sv(109): switches[3] = 0
Info (10648): Verilog HDL Display System Task info at main_module.sv(110): switches = 0
Info (12128): Elaborating entity "sevensegment" for hierarchy "sevensegment:ss1"
Warning (10230): Verilog HDL assignment warning at sevensegment.sv(15): truncated value with size 32 to match size of target (2)
Warning (10230): Verilog HDL assignment warning at sevensegment.sv(19): truncated value with size 32 to match size of target (26)
Info (10648): Verilog HDL Display System Task info at sevensegment.sv(54): SevenSegment baslatildi
Info (12128): Elaborating entity "switchbank_poll" for hierarchy "switchbank_poll:sw1"
Warning (10036): Verilog HDL or VHDL warning at switchbank_poll.sv(14): object "status_teg" assigned a value but never read
Warning (10230): Verilog HDL assignment warning at switchbank_poll.sv(35): truncated value with size 16 to match size of target (1)
Warning (10230): Verilog HDL assignment warning at switchbank_poll.sv(39): truncated value with size 16 to match size of target (1)
Info (12128): Elaborating entity "bird" for hierarchy "bird:br1"
Warning (10230): Verilog HDL assignment warning at bird.sv(49): truncated value with size 32 to match size of target (12)
Warning (10230): Verilog HDL assignment warning at bird.sv(55): truncated value with size 32 to match size of target (12)
Warning (10230): Verilog HDL assignment warning at bird.sv(85): truncated value with size 32 to match size of target (16)
Warning (10230): Verilog HDL assignment warning at bird.sv(91): truncated value with size 32 to match size of target (16)
Warning (10230): Verilog HDL assignment warning at bird.sv(103): truncated value with size 32 to match size of target (16)
Warning (10230): Verilog HDL assignment warning at bird.sv(110): truncated value with size 32 to match size of target (16)
Warning (10230): Verilog HDL assignment warning at bird.sv(152): truncated value with size 32 to match size of target (16)
Warning (10230): Verilog HDL assignment warning at bird.sv(153): truncated value with size 32 to match size of target (16)
Info (276014): Found 1 instances of uninferred RAM logic
    Info (276007): RAM logic "memory" is uninferred due to asynchronous read logic
Warning (127007): Memory Initialization File or Hexadecimal (Intel-Format) File "E:/github/CSE4117-Microprocessors/Homework - 2/FPGA/db/main_module.ram0_main_module_7115dfaa.hdl.mif" contains "don't care" values -- overwriting them with 0s
Warning (12241): 1 hierarchies have connectivity warnings - see the Connectivity Checks report folder
Info (286030): Timing-Driven Synthesis is running
Info (17049): 10 registers lost all their fanouts during netlist optimizations.
Info (16010): Generating hard_block partition "hard_block:auto_generated_inst"
    Info (16011): Adding 0 node(s), including 0 DDIO, 0 PLL, 0 transceiver and 0 LCELL
Warning (21074): Design contains 3 input pin(s) that do not drive logic
    Warning (15610): No output dependent on input pin "switches[1]"
    Warning (15610): No output dependent on input pin "switches[2]"
    Warning (15610): No output dependent on input pin "switches[3]"
Info (21057): Implemented 4229 device resources after synthesis - the final resource count might be different
    Info (21058): Implemented 6 input pins
    Info (21059): Implemented 11 output pins
    Info (21061): Implemented 4212 logic cells
Info: Quartus II 64-Bit Analysis & Synthesis was successful. 0 errors, 21 warnings
    Info: Peak virtual memory: 4635 megabytes
    Info: Processing ended: Tue Jan 02 00:29:09 2024
    Info: Elapsed time: 00:00:05
    Info: Total CPU time (on all processors): 00:00:04


